Performing C SOURCE FILE Test CMAKE_HAVE_LIBC_PTHREAD failed with the following output:
Change Dir: /home/emanuele/Scrivania/thesis_refactoring/tum_photo_calib/mono_dataset_code-master/build/CMakeFiles/CMakeTmp

Run Build Command(s):/usr/bin/make -f Makefile cmTC_03b2f/fast && /usr/bin/make  -f CMakeFiles/cmTC_03b2f.dir/build.make CMakeFiles/cmTC_03b2f.dir/build
make[1]: ingresso nella directory "/home/emanuele/Scrivania/thesis_refactoring/tum_photo_calib/mono_dataset_code-master/build/CMakeFiles/CMakeTmp"
Building C object CMakeFiles/cmTC_03b2f.dir/src.c.o
/usr/bin/cc -DCMAKE_HAVE_LIBC_PTHREAD  -fPIC  -o CMakeFiles/cmTC_03b2f.dir/src.c.o -c /home/emanuele/Scrivania/thesis_refactoring/tum_photo_calib/mono_dataset_code-master/build/CMakeFiles/CMakeTmp/src.c
Linking C executable cmTC_03b2f
/usr/local/bin/cmake -E cmake_link_script CMakeFiles/cmTC_03b2f.dir/link.txt --verbose=1
/usr/bin/cc -fPIC  -rdynamic CMakeFiles/cmTC_03b2f.dir/src.c.o -o cmTC_03b2f 
CMakeFiles/cmTC_03b2f.dir/src.c.o: nella funzione "main":
src.c:(.text+0x3e): riferimento non definito a "pthread_create"
src.c:(.text+0x4a): riferimento non definito a "pthread_detach"
src.c:(.text+0x56): riferimento non definito a "pthread_cancel"
src.c:(.text+0x67): riferimento non definito a "pthread_join"
src.c:(.text+0x7b): riferimento non definito a "pthread_atfork"
collect2: error: ld returned 1 exit status
CMakeFiles/cmTC_03b2f.dir/build.make:98: recipe for target 'cmTC_03b2f' failed
make[1]: *** [cmTC_03b2f] Error 1
make[1]: uscita dalla directory "/home/emanuele/Scrivania/thesis_refactoring/tum_photo_calib/mono_dataset_code-master/build/CMakeFiles/CMakeTmp"
Makefile:127: recipe for target 'cmTC_03b2f/fast' failed
make: *** [cmTC_03b2f/fast] Error 2


Source file was:
#include <pthread.h>

static void* test_func(void* data)
{
  return data;
}

int main(void)
{
  pthread_t thread;
  pthread_create(&thread, NULL, test_func, NULL);
  pthread_detach(thread);
  pthread_cancel(thread);
  pthread_join(thread, NULL);
  pthread_atfork(NULL, NULL, NULL);
  pthread_exit(NULL);

  return 0;
}

Determining if the function pthread_create exists in the pthreads failed with the following output:
Change Dir: /home/emanuele/Scrivania/thesis_refactoring/tum_photo_calib/mono_dataset_code-master/build/CMakeFiles/CMakeTmp

Run Build Command(s):/usr/bin/make -f Makefile cmTC_c0331/fast && /usr/bin/make  -f CMakeFiles/cmTC_c0331.dir/build.make CMakeFiles/cmTC_c0331.dir/build
make[1]: ingresso nella directory "/home/emanuele/Scrivania/thesis_refactoring/tum_photo_calib/mono_dataset_code-master/build/CMakeFiles/CMakeTmp"
Building C object CMakeFiles/cmTC_c0331.dir/CheckFunctionExists.c.o
/usr/bin/cc   -fPIC -DCHECK_FUNCTION_EXISTS=pthread_create -o CMakeFiles/cmTC_c0331.dir/CheckFunctionExists.c.o -c /usr/local/share/cmake-3.22/Modules/CheckFunctionExists.c
Linking C executable cmTC_c0331
/usr/local/bin/cmake -E cmake_link_script CMakeFiles/cmTC_c0331.dir/link.txt --verbose=1
/usr/bin/cc -fPIC -DCHECK_FUNCTION_EXISTS=pthread_create -rdynamic CMakeFiles/cmTC_c0331.dir/CheckFunctionExists.c.o -o cmTC_c0331  -lpthreads 
/usr/bin/ld: impossibile trovare -lpthreads
collect2: error: ld returned 1 exit status
CMakeFiles/cmTC_c0331.dir/build.make:98: recipe for target 'cmTC_c0331' failed
make[1]: *** [cmTC_c0331] Error 1
make[1]: uscita dalla directory "/home/emanuele/Scrivania/thesis_refactoring/tum_photo_calib/mono_dataset_code-master/build/CMakeFiles/CMakeTmp"
Makefile:127: recipe for target 'cmTC_c0331/fast' failed
make: *** [cmTC_c0331/fast] Error 2



