Performing C SOURCE FILE Test CMAKE_HAVE_LIBC_PTHREAD failed with the following output:
Change Dir: /home/manu/Desktop/thesis_refactoring/code/build/CMakeFiles/CMakeTmp

Run Build Command(s):/usr/bin/make -f Makefile cmTC_c93a0/fast && /usr/bin/make  -f CMakeFiles/cmTC_c93a0.dir/build.make CMakeFiles/cmTC_c93a0.dir/build
make[1]: Entering directory '/home/manu/Desktop/thesis_refactoring/code/build/CMakeFiles/CMakeTmp'
Building C object CMakeFiles/cmTC_c93a0.dir/src.c.o
/usr/bin/cc -DCMAKE_HAVE_LIBC_PTHREAD  -fPIC  -o CMakeFiles/cmTC_c93a0.dir/src.c.o -c /home/manu/Desktop/thesis_refactoring/code/build/CMakeFiles/CMakeTmp/src.c
Linking C executable cmTC_c93a0
/snap/cmake/1082/bin/cmake -E cmake_link_script CMakeFiles/cmTC_c93a0.dir/link.txt --verbose=1
/usr/bin/cc -fPIC  CMakeFiles/cmTC_c93a0.dir/src.c.o -o cmTC_c93a0 
CMakeFiles/cmTC_c93a0.dir/src.c.o: In function `main':
src.c:(.text+0x3e): undefined reference to `pthread_create'
src.c:(.text+0x4a): undefined reference to `pthread_detach'
src.c:(.text+0x56): undefined reference to `pthread_cancel'
src.c:(.text+0x67): undefined reference to `pthread_join'
src.c:(.text+0x7b): undefined reference to `pthread_atfork'
collect2: error: ld returned 1 exit status
CMakeFiles/cmTC_c93a0.dir/build.make:98: recipe for target 'cmTC_c93a0' failed
make[1]: *** [cmTC_c93a0] Error 1
make[1]: Leaving directory '/home/manu/Desktop/thesis_refactoring/code/build/CMakeFiles/CMakeTmp'
Makefile:127: recipe for target 'cmTC_c93a0/fast' failed
make: *** [cmTC_c93a0/fast] Error 2


Source file was:
#include <pthread.h>

static void* test_func(void* data)
{
  return data;
}

int main(void)
{
  pthread_t thread;
  pthread_create(&thread, NULL, test_func, NULL);
  pthread_detach(thread);
  pthread_cancel(thread);
  pthread_join(thread, NULL);
  pthread_atfork(NULL, NULL, NULL);
  pthread_exit(NULL);

  return 0;
}

Determining if the function pthread_create exists in the pthreads failed with the following output:
Change Dir: /home/manu/Desktop/thesis_refactoring/code/build/CMakeFiles/CMakeTmp

Run Build Command(s):/usr/bin/make -f Makefile cmTC_66187/fast && /usr/bin/make  -f CMakeFiles/cmTC_66187.dir/build.make CMakeFiles/cmTC_66187.dir/build
make[1]: Entering directory '/home/manu/Desktop/thesis_refactoring/code/build/CMakeFiles/CMakeTmp'
Building C object CMakeFiles/cmTC_66187.dir/CheckFunctionExists.c.o
/usr/bin/cc   -fPIC -DCHECK_FUNCTION_EXISTS=pthread_create -o CMakeFiles/cmTC_66187.dir/CheckFunctionExists.c.o -c /snap/cmake/1082/share/cmake-3.23/Modules/CheckFunctionExists.c
Linking C executable cmTC_66187
/snap/cmake/1082/bin/cmake -E cmake_link_script CMakeFiles/cmTC_66187.dir/link.txt --verbose=1
/usr/bin/cc -fPIC -DCHECK_FUNCTION_EXISTS=pthread_create CMakeFiles/cmTC_66187.dir/CheckFunctionExists.c.o -o cmTC_66187  -lpthreads 
/usr/bin/ld: cannot find -lpthreads
collect2: error: ld returned 1 exit status
CMakeFiles/cmTC_66187.dir/build.make:98: recipe for target 'cmTC_66187' failed
make[1]: *** [cmTC_66187] Error 1
make[1]: Leaving directory '/home/manu/Desktop/thesis_refactoring/code/build/CMakeFiles/CMakeTmp'
Makefile:127: recipe for target 'cmTC_66187/fast' failed
make: *** [cmTC_66187/fast] Error 2



